<?xml version="1.0" encoding="UTF-8"?>
<!-- Generated by org.testng.reporters.JUnitReportReporter -->
<testsuite hostname="Pragti" failures="0" tests="1" name="pac.New1Test" time="7.132" errors="0" timestamp="2024-11-29T12:03:42 IST" skipped="0">
  <testcase classname="pac.New1Test" name="firTest" time="7.132"/>
</testsuite> <!-- pac.New1Test -->
