<?xml version="1.0" encoding="UTF-8"?>
<!-- Generated by org.testng.reporters.JUnitReportReporter -->
<testsuite hostname="Pragti" failures="0" tests="1" name="pac.New2Test" time="6.285" errors="0" timestamp="2024-11-29T12:03:42 IST" skipped="0">
  <testcase classname="pac.New2Test" name="firTest" time="6.285"/>
</testsuite> <!-- pac.New2Test -->
